[debug] [2024-01-18T20:03:29.039Z] ----------------------------------------------------------------------
[debug] [2024-01-18T20:03:29.039Z] Command:       /usr/local/bin/node /usr/local/bin/firebase emulators:start --only functions
[debug] [2024-01-18T20:03:29.040Z] CLI Version:   11.27.0
[debug] [2024-01-18T20:03:29.040Z] Platform:      darwin
[debug] [2024-01-18T20:03:29.040Z] Node Version:  v16.13.0
[debug] [2024-01-18T20:03:29.042Z] Time:          Thu Jan 18 2024 12:03:29 GMT-0800 (Pacific Standard Time)
[debug] [2024-01-18T20:03:29.042Z] ----------------------------------------------------------------------
[debug] 
[debug] [2024-01-18T20:03:29.077Z] > command requires scopes: ["email","openid","https://www.googleapis.com/auth/cloudplatformprojects.readonly","https://www.googleapis.com/auth/firebase","https://www.googleapis.com/auth/cloud-platform"]
[debug] [2024-01-18T20:03:29.077Z] > authorizing via signed-in user (sunecuber@gmail.com)
[info] i  emulators: Starting emulators: functions {"metadata":{"emulator":{"name":"hub"},"message":"Starting emulators: functions"}}
[debug] [2024-01-18T20:03:29.414Z] [logging] Logging Emulator only supports listening on one address (127.0.0.1). Not listening on ::1
[debug] [2024-01-18T20:03:29.415Z] assigned listening specs for emulators {"user":{"hub":[{"address":"127.0.0.1","family":"IPv4","port":4400},{"address":"::1","family":"IPv6","port":4400}],"ui":[{"address":"127.0.0.1","family":"IPv4","port":4000},{"address":"::1","family":"IPv6","port":4000}],"logging":[{"address":"127.0.0.1","family":"IPv4","port":4500}]},"metadata":{"message":"assigned listening specs for emulators"}}
[debug] [2024-01-18T20:03:29.417Z] [hub] writing locator at /var/folders/hd/8v1fdcbd6zs199nb4vkfh8600000gn/T/hub-tripsitter-coen-174.json
[debug] [2024-01-18T20:03:29.636Z] [functions] Functions Emulator only supports listening on one address (127.0.0.1). Not listening on ::1
[debug] [2024-01-18T20:03:29.636Z] [eventarc] Eventarc Emulator only supports listening on one address (127.0.0.1). Not listening on ::1
[debug] [2024-01-18T20:03:29.636Z] late-assigned ports for functions and eventarc emulators {"user":{"hub":[{"address":"127.0.0.1","family":"IPv4","port":4400},{"address":"::1","family":"IPv6","port":4400}],"ui":[{"address":"127.0.0.1","family":"IPv4","port":4000},{"address":"::1","family":"IPv6","port":4000}],"logging":[{"address":"127.0.0.1","family":"IPv4","port":4500}],"functions":[{"address":"127.0.0.1","family":"IPv4","port":5001}],"eventarc":[{"address":"127.0.0.1","family":"IPv4","port":9299}]},"metadata":{"message":"late-assigned ports for functions and eventarc emulators"}}
[warn] ⚠  functions: The following emulators are not running, calls to these services from the Functions emulator will affect production: auth, firestore, database, hosting, pubsub, storage {"metadata":{"emulator":{"name":"functions"},"message":"The following emulators are not running, calls to these services from the Functions emulator will affect production: \u001b[1mauth, firestore, database, hosting, pubsub, storage\u001b[22m"}}
[debug] [2024-01-18T20:03:29.637Z] defaultcredentials: writing to file /Users/jordan/.config/firebase/sunecuber_gmail_com_application_default_credentials.json
[debug] [2024-01-18T20:03:29.638Z] Setting GAC to /Users/jordan/.config/firebase/sunecuber_gmail_com_application_default_credentials.json {"metadata":{"emulator":{"name":"functions"},"message":"Setting GAC to /Users/jordan/.config/firebase/sunecuber_gmail_com_application_default_credentials.json"}}
[debug] [2024-01-18T20:03:29.639Z] >>> [apiv2][query] GET https://firebase.googleapis.com/v1beta1/projects/tripsitter-coen-174/adminSdkConfig [none]
[debug] [2024-01-18T20:03:30.063Z] <<< [apiv2][status] GET https://firebase.googleapis.com/v1beta1/projects/tripsitter-coen-174/adminSdkConfig 200
[debug] [2024-01-18T20:03:30.063Z] <<< [apiv2][body] GET https://firebase.googleapis.com/v1beta1/projects/tripsitter-coen-174/adminSdkConfig {"projectId":"tripsitter-coen-174","storageBucket":"tripsitter-coen-174.appspot.com"}
[debug] [2024-01-18T20:03:30.087Z] Ignoring unsupported arg: auto_download {"metadata":{"emulator":{"name":"ui"},"message":"Ignoring unsupported arg: auto_download"}}
[debug] [2024-01-18T20:03:30.087Z] Ignoring unsupported arg: port {"metadata":{"emulator":{"name":"ui"},"message":"Ignoring unsupported arg: port"}}
[debug] [2024-01-18T20:03:30.087Z] Starting Emulator UI with command {"binary":"node","args":["/Users/jordan/.cache/firebase/emulators/ui-v1.11.5/server/server.js"],"optionalArgs":[],"joinArgs":false} {"metadata":{"emulator":{"name":"ui"},"message":"Starting Emulator UI with command {\"binary\":\"node\",\"args\":[\"/Users/jordan/.cache/firebase/emulators/ui-v1.11.5/server/server.js\"],\"optionalArgs\":[],\"joinArgs\":false}"}}
[info] i  ui: Emulator UI logging to ui-debug.log {"metadata":{"emulator":{"name":"ui"},"message":"Emulator UI logging to \u001b[1mui-debug.log\u001b[22m"}}
[debug] [2024-01-18T20:03:30.169Z] Web / API server started at 127.0.0.1:4000
 {"metadata":{"emulator":{"name":"ui"},"message":"Web / API server started at 127.0.0.1:4000\n"}}
[debug] [2024-01-18T20:03:30.169Z] Web / API server started at ::1:4000
 {"metadata":{"emulator":{"name":"ui"},"message":"Web / API server started at ::1:4000\n"}}
[info] i  functions: Watching "/Users/jordan/dev/flutter/tripsitter/backend" for Cloud Functions... {"metadata":{"emulator":{"name":"functions"},"message":"Watching \"/Users/jordan/dev/flutter/tripsitter/backend\" for Cloud Functions..."}}
[debug] [2024-01-18T20:03:30.353Z] Validating nodejs source
[debug] [2024-01-18T20:03:30.880Z] > [functions] package.json contents: {
  "name": "backend",
  "scripts": {
    "build": "tsc",
    "build:watch": "tsc --watch",
    "serve": "npm run build && firebase emulators:start --only functions",
    "shell": "npm run build && firebase functions:shell",
    "start": "npm run shell",
    "deploy": "firebase deploy --only functions",
    "logs": "firebase functions:log"
  },
  "engines": {
    "node": "16"
  },
  "main": "lib/index.js",
  "dependencies": {
    "cors": "^2.8.5",
    "express": "^4.18.2",
    "firebase-admin": "^11.5.0",
    "firebase-functions": "^4.2.0"
  },
  "devDependencies": {
    "firebase-functions-test": "^3.0.0",
    "typescript": "^4.9.0"
  },
  "private": true
}
[debug] [2024-01-18T20:03:30.880Z] Building nodejs source
[debug] [2024-01-18T20:03:30.880Z] Failed to find version of module node: reached end of search path /Users/jordan/dev/flutter/tripsitter/backend/node_modules
[info] ✔  functions: Using node@16 from host. 
[debug] [2024-01-18T20:03:30.882Z] Could not find functions.yaml. Must use http discovery
[debug] [2024-01-18T20:03:30.885Z] Found firebase-functions binary at '/Users/jordan/dev/flutter/tripsitter/backend/node_modules/.bin/firebase-functions'
[debug] [2024-01-18T20:03:30.984Z] Serving at port 8224

[debug] [2024-01-18T20:03:31.109Z] Example app listening on port 3000

[debug] [2024-01-18T20:03:31.112Z] Got response from /__/functions.yaml {"endpoints":{"helloWorld":{"platform":"gcfv1","availableMemoryMb":null,"timeoutSeconds":null,"minInstances":null,"maxInstances":null,"ingressSettings":null,"serviceAccountEmail":null,"vpc":null,"httpsTrigger":{},"entryPoint":"helloWorld"},"api":{"platform":"gcfv1","availableMemoryMb":null,"timeoutSeconds":null,"minInstances":null,"maxInstances":null,"ingressSettings":null,"serviceAccountEmail":null,"vpc":null,"httpsTrigger":{},"entryPoint":"api"}},"specVersion":"v1alpha1","requiredAPIs":[]}
[info] ✔  functions: Loaded functions definitions from source: helloWorld, api. {"metadata":{"emulator":{"name":"functions"},"message":"Loaded functions definitions from source: helloWorld, api."}}
[info] ✔  functions[us-central1-helloWorld]: http function initialized (http://127.0.0.1:5001/tripsitter-coen-174/us-central1/helloWorld). {"metadata":{"emulator":{"name":"functions"},"message":"\u001b[1mhttp\u001b[22m function initialized (http://127.0.0.1:5001/tripsitter-coen-174/us-central1/helloWorld)."}}
[info] ✔  functions[us-central1-api]: http function initialized (http://127.0.0.1:5001/tripsitter-coen-174/us-central1/api). {"metadata":{"emulator":{"name":"functions"},"message":"\u001b[1mhttp\u001b[22m function initialized (http://127.0.0.1:5001/tripsitter-coen-174/us-central1/api)."}}
[info] 
┌─────────────────────────────────────────────────────────────┐
│ ✔  All emulators ready! It is now safe to connect your app. │
│ i  View Emulator UI at http://127.0.0.1:4000/               │
└─────────────────────────────────────────────────────────────┘

┌───────────┬────────────────┬─────────────────────────────────┐
│ Emulator  │ Host:Port      │ View in Emulator UI             │
├───────────┼────────────────┼─────────────────────────────────┤
│ Functions │ 127.0.0.1:5001 │ http://127.0.0.1:4000/functions │
└───────────┴────────────────┴─────────────────────────────────┘
  Emulator Hub running at 127.0.0.1:4400
  Other reserved ports: 4500

Issues? Report them at https://github.com/firebase/firebase-tools/issues and attach the *-debug.log files.
 
[debug] [2024-01-18T20:03:45.359Z] [work-queue] {"queuedWork":["/tripsitter-coen-174/us-central1/api-2024-01-18T20:03:45.359Z"],"queueLength":1,"runningWork":[],"workRunningCount":0}
[debug] [2024-01-18T20:03:45.360Z] [work-queue] {"queuedWork":[],"queueLength":0,"runningWork":["/tripsitter-coen-174/us-central1/api-2024-01-18T20:03:45.359Z"],"workRunningCount":1}
[debug] [2024-01-18T20:03:45.360Z] Accepted request GET /tripsitter-coen-174/us-central1/api --> us-central1-api
[debug] [2024-01-18T20:03:45.360Z] [functions] Runtime ready! Sending request! {"metadata":{"emulator":{"name":"functions"},"message":"[functions] Runtime ready! Sending request!"}}
[debug] [2024-01-18T20:03:45.360Z] [functions] Got req.url=/tripsitter-coen-174/us-central1/api, mapping to path=/ {"metadata":{"emulator":{"name":"functions"},"message":"[functions] Got req.url=/tripsitter-coen-174/us-central1/api, mapping to path=/"}}
[debug] [2024-01-18T20:03:45.370Z] [worker-pool] addWorker(us-central1-api) {"metadata":{"emulator":{"name":"functions"},"message":"[worker-pool] addWorker(us-central1-api)"}}
[debug] [2024-01-18T20:03:45.371Z] [worker-pool] Adding worker with key us-central1-api, total=1 {"metadata":{"emulator":{"name":"functions"},"message":"[worker-pool] Adding worker with key us-central1-api, total=1"}}
[debug] [2024-01-18T20:03:46.053Z] [runtime-status] [14339] Resolved module firebase-admin {"declared":true,"installed":true,"version":"11.11.1","resolution":"/Users/jordan/dev/flutter/tripsitter/backend/node_modules/firebase-admin/lib/index.js"} {"metadata":{"emulator":{"name":"functions"},"function":{"name":"us-central1-api"},"extension":{},"message":"[runtime-status] [14339] Resolved module firebase-admin {\"declared\":true,\"installed\":true,\"version\":\"11.11.1\",\"resolution\":\"/Users/jordan/dev/flutter/tripsitter/backend/node_modules/firebase-admin/lib/index.js\"}"}}
[debug] [2024-01-18T20:03:46.054Z] [runtime-status] [14339] Resolved module firebase-functions {"declared":true,"installed":true,"version":"4.6.0","resolution":"/Users/jordan/dev/flutter/tripsitter/backend/node_modules/firebase-functions/lib/v1/index.js"} {"metadata":{"emulator":{"name":"functions"},"function":{"name":"us-central1-api"},"extension":{},"message":"[runtime-status] [14339] Resolved module firebase-functions {\"declared\":true,\"installed\":true,\"version\":\"4.6.0\",\"resolution\":\"/Users/jordan/dev/flutter/tripsitter/backend/node_modules/firebase-functions/lib/v1/index.js\"}"}}
[debug] [2024-01-18T20:03:46.054Z] [runtime-status] [14339] Outgoing network have been stubbed. [{"name":"http","status":"mocked"},{"name":"http","status":"mocked"},{"name":"https","status":"mocked"},{"name":"https","status":"mocked"},{"name":"net","status":"mocked"}] {"metadata":{"emulator":{"name":"functions"},"function":{"name":"us-central1-api"},"extension":{},"message":"[runtime-status] [14339] Outgoing network have been stubbed. [{\"name\":\"http\",\"status\":\"mocked\"},{\"name\":\"http\",\"status\":\"mocked\"},{\"name\":\"https\",\"status\":\"mocked\"},{\"name\":\"https\",\"status\":\"mocked\"},{\"name\":\"net\",\"status\":\"mocked\"}]"}}
[debug] [2024-01-18T20:03:46.054Z] [runtime-status] [14339] Resolved module firebase-functions {"declared":true,"installed":true,"version":"4.6.0","resolution":"/Users/jordan/dev/flutter/tripsitter/backend/node_modules/firebase-functions/lib/v1/index.js"} {"metadata":{"emulator":{"name":"functions"},"function":{"name":"us-central1-api"},"extension":{},"message":"[runtime-status] [14339] Resolved module firebase-functions {\"declared\":true,\"installed\":true,\"version\":\"4.6.0\",\"resolution\":\"/Users/jordan/dev/flutter/tripsitter/backend/node_modules/firebase-functions/lib/v1/index.js\"}"}}
[debug] [2024-01-18T20:03:46.162Z] [runtime-status] [14339] Checked functions.config() {"config":{}} {"metadata":{"emulator":{"name":"functions"},"function":{"name":"us-central1-api"},"extension":{},"message":"[runtime-status] [14339] Checked functions.config() {\"config\":{}}"}}
[debug] [2024-01-18T20:03:46.162Z] [runtime-status] [14339] firebase-functions has been stubbed. {"functionsResolution":{"declared":true,"installed":true,"version":"4.6.0","resolution":"/Users/jordan/dev/flutter/tripsitter/backend/node_modules/firebase-functions/lib/v1/index.js"}} {"metadata":{"emulator":{"name":"functions"},"function":{"name":"us-central1-api"},"extension":{},"message":"[runtime-status] [14339] firebase-functions has been stubbed. {\"functionsResolution\":{\"declared\":true,\"installed\":true,\"version\":\"4.6.0\",\"resolution\":\"/Users/jordan/dev/flutter/tripsitter/backend/node_modules/firebase-functions/lib/v1/index.js\"}}"}}
[debug] [2024-01-18T20:03:46.162Z] [runtime-status] [14339] Resolved module firebase-functions {"declared":true,"installed":true,"version":"4.6.0","resolution":"/Users/jordan/dev/flutter/tripsitter/backend/node_modules/firebase-functions/lib/v1/index.js"} {"metadata":{"emulator":{"name":"functions"},"function":{"name":"us-central1-api"},"extension":{},"message":"[runtime-status] [14339] Resolved module firebase-functions {\"declared\":true,\"installed\":true,\"version\":\"4.6.0\",\"resolution\":\"/Users/jordan/dev/flutter/tripsitter/backend/node_modules/firebase-functions/lib/v1/index.js\"}"}}
[debug] [2024-01-18T20:03:46.162Z] [runtime-status] [14339] Resolved module firebase-admin {"declared":true,"installed":true,"version":"11.11.1","resolution":"/Users/jordan/dev/flutter/tripsitter/backend/node_modules/firebase-admin/lib/index.js"} {"metadata":{"emulator":{"name":"functions"},"function":{"name":"us-central1-api"},"extension":{},"message":"[runtime-status] [14339] Resolved module firebase-admin {\"declared\":true,\"installed\":true,\"version\":\"11.11.1\",\"resolution\":\"/Users/jordan/dev/flutter/tripsitter/backend/node_modules/firebase-admin/lib/index.js\"}"}}
[debug] [2024-01-18T20:03:46.164Z] [runtime-status] [14339] Resolved module firebase-functions {"declared":true,"installed":true,"version":"4.6.0","resolution":"/Users/jordan/dev/flutter/tripsitter/backend/node_modules/firebase-functions/lib/v1/index.js"} {"metadata":{"emulator":{"name":"functions"},"function":{"name":"us-central1-api"},"extension":{},"message":"[runtime-status] [14339] Resolved module firebase-functions {\"declared\":true,\"installed\":true,\"version\":\"4.6.0\",\"resolution\":\"/Users/jordan/dev/flutter/tripsitter/backend/node_modules/firebase-functions/lib/v1/index.js\"}"}}
[debug] [2024-01-18T20:03:46.164Z] [runtime-status] [14339] firebase-admin has been stubbed. {"adminResolution":{"declared":true,"installed":true,"version":"11.11.1","resolution":"/Users/jordan/dev/flutter/tripsitter/backend/node_modules/firebase-admin/lib/index.js"}} {"metadata":{"emulator":{"name":"functions"},"function":{"name":"us-central1-api"},"extension":{},"message":"[runtime-status] [14339] firebase-admin has been stubbed. {\"adminResolution\":{\"declared\":true,\"installed\":true,\"version\":\"11.11.1\",\"resolution\":\"/Users/jordan/dev/flutter/tripsitter/backend/node_modules/firebase-admin/lib/index.js\"}}"}}
[debug] [2024-01-18T20:03:46.206Z] [runtime-status] [14339] Functions runtime initialized. {"cwd":"/Users/jordan/dev/flutter/tripsitter/backend","node_version":"16.13.0"} {"metadata":{"emulator":{"name":"functions"},"function":{"name":"us-central1-api"},"extension":{},"message":"[runtime-status] [14339] Functions runtime initialized. {\"cwd\":\"/Users/jordan/dev/flutter/tripsitter/backend\",\"node_version\":\"16.13.0\"}"}}
[info] >  Example app listening on port 3000 {"user":"Example app listening on port 3000","metadata":{"emulator":{"name":"functions"},"function":{"name":"us-central1-api"},"extension":{},"message":"\u001b[90m> \u001b[39m Example app listening on port 3000"}}
[debug] [2024-01-18T20:03:46.207Z] [runtime-status] [14339] Listening to port: /var/folders/hd/8v1fdcbd6zs199nb4vkfh8600000gn/T/fire_emu_b908666d826b2e69.sock {"metadata":{"emulator":{"name":"functions"},"function":{"name":"us-central1-api"},"extension":{},"message":"[runtime-status] [14339] Listening to port: /var/folders/hd/8v1fdcbd6zs199nb4vkfh8600000gn/T/fire_emu_b908666d826b2e69.sock"}}
[debug] [2024-01-18T20:03:46.288Z] [worker-us-central1-api-737f3656-2d2f-4b22-abcc-44af7e5fc6e3]: IDLE {"metadata":{"emulator":{"name":"functions"},"function":{"name":"us-central1-api"},"extension":{},"message":"[worker-us-central1-api-737f3656-2d2f-4b22-abcc-44af7e5fc6e3]: IDLE"}}
[debug] [2024-01-18T20:03:46.288Z] [worker-pool] submitRequest(triggerId=us-central1-api) {"metadata":{"emulator":{"name":"functions"},"message":"[worker-pool] submitRequest(triggerId=us-central1-api)"}}
[info] i  functions: Beginning execution of "us-central1-api" {"metadata":{"emulator":{"name":"functions"},"function":{"name":"us-central1-api"},"extension":{},"message":"Beginning execution of \"us-central1-api\""}}
[debug] [2024-01-18T20:03:46.289Z] [worker-us-central1-api-737f3656-2d2f-4b22-abcc-44af7e5fc6e3]: BUSY {"metadata":{"emulator":{"name":"functions"},"function":{"name":"us-central1-api"},"extension":{},"message":"[worker-us-central1-api-737f3656-2d2f-4b22-abcc-44af7e5fc6e3]: BUSY"}}
[info] i  functions: Finished "us-central1-api" in 3.973375ms {"metadata":{"emulator":{"name":"functions"},"function":{"name":"us-central1-api"},"extension":{},"message":"Finished \"us-central1-api\" in 3.973375ms"}}
[debug] [2024-01-18T20:03:46.293Z] [worker-us-central1-api-737f3656-2d2f-4b22-abcc-44af7e5fc6e3]: IDLE {"metadata":{"emulator":{"name":"functions"},"function":{"name":"us-central1-api"},"extension":{},"message":"[worker-us-central1-api-737f3656-2d2f-4b22-abcc-44af7e5fc6e3]: IDLE"}}
[debug] [2024-01-18T20:03:46.293Z] [work-queue] {"queuedWork":[],"queueLength":0,"runningWork":[],"workRunningCount":0}
[debug] [2024-01-18T20:03:48.623Z] [work-queue] {"queuedWork":["/tripsitter-coen-174/us-central1/api/test-2024-01-18T20:03:48.623Z"],"queueLength":1,"runningWork":[],"workRunningCount":0}
[debug] [2024-01-18T20:03:48.624Z] [work-queue] {"queuedWork":[],"queueLength":0,"runningWork":["/tripsitter-coen-174/us-central1/api/test-2024-01-18T20:03:48.623Z"],"workRunningCount":1}
[debug] [2024-01-18T20:03:48.624Z] Accepted request GET /tripsitter-coen-174/us-central1/api/test --> us-central1-api
[debug] [2024-01-18T20:03:48.625Z] [functions] Runtime ready! Sending request! {"metadata":{"emulator":{"name":"functions"},"message":"[functions] Runtime ready! Sending request!"}}
[debug] [2024-01-18T20:03:48.625Z] [functions] Got req.url=/tripsitter-coen-174/us-central1/api/test, mapping to path=/test {"metadata":{"emulator":{"name":"functions"},"message":"[functions] Got req.url=/tripsitter-coen-174/us-central1/api/test, mapping to path=/test"}}
[debug] [2024-01-18T20:03:48.625Z] [worker-pool] submitRequest(triggerId=us-central1-api) {"metadata":{"emulator":{"name":"functions"},"message":"[worker-pool] submitRequest(triggerId=us-central1-api)"}}
[info] i  functions: Beginning execution of "us-central1-api" {"metadata":{"emulator":{"name":"functions"},"function":{"name":"us-central1-api"},"extension":{},"message":"Beginning execution of \"us-central1-api\""}}
[debug] [2024-01-18T20:03:48.625Z] [worker-us-central1-api-737f3656-2d2f-4b22-abcc-44af7e5fc6e3]: BUSY {"metadata":{"emulator":{"name":"functions"},"function":{"name":"us-central1-api"},"extension":{},"message":"[worker-us-central1-api-737f3656-2d2f-4b22-abcc-44af7e5fc6e3]: BUSY"}}
[info] i  functions: Finished "us-central1-api" in 9.491959ms {"metadata":{"emulator":{"name":"functions"},"function":{"name":"us-central1-api"},"extension":{},"message":"Finished \"us-central1-api\" in 9.491959ms"}}
[debug] [2024-01-18T20:03:48.635Z] [worker-us-central1-api-737f3656-2d2f-4b22-abcc-44af7e5fc6e3]: IDLE {"metadata":{"emulator":{"name":"functions"},"function":{"name":"us-central1-api"},"extension":{},"message":"[worker-us-central1-api-737f3656-2d2f-4b22-abcc-44af7e5fc6e3]: IDLE"}}
[debug] [2024-01-18T20:03:48.636Z] [work-queue] {"queuedWork":[],"queueLength":0,"runningWork":[],"workRunningCount":0}
[debug] [2024-01-18T20:03:50.458Z] [work-queue] {"queuedWork":["/tripsitter-coen-174/us-central1/api/-2024-01-18T20:03:50.457Z"],"queueLength":1,"runningWork":[],"workRunningCount":0}
[debug] [2024-01-18T20:03:50.458Z] [work-queue] {"queuedWork":[],"queueLength":0,"runningWork":["/tripsitter-coen-174/us-central1/api/-2024-01-18T20:03:50.457Z"],"workRunningCount":1}
[debug] [2024-01-18T20:03:50.458Z] Accepted request GET /tripsitter-coen-174/us-central1/api/ --> us-central1-api
[debug] [2024-01-18T20:03:50.459Z] [functions] Runtime ready! Sending request! {"metadata":{"emulator":{"name":"functions"},"message":"[functions] Runtime ready! Sending request!"}}
[debug] [2024-01-18T20:03:50.459Z] [functions] Got req.url=/tripsitter-coen-174/us-central1/api/, mapping to path=/ {"metadata":{"emulator":{"name":"functions"},"message":"[functions] Got req.url=/tripsitter-coen-174/us-central1/api/, mapping to path=/"}}
[debug] [2024-01-18T20:03:50.459Z] [worker-pool] submitRequest(triggerId=us-central1-api) {"metadata":{"emulator":{"name":"functions"},"message":"[worker-pool] submitRequest(triggerId=us-central1-api)"}}
[info] i  functions: Beginning execution of "us-central1-api" {"metadata":{"emulator":{"name":"functions"},"function":{"name":"us-central1-api"},"extension":{},"message":"Beginning execution of \"us-central1-api\""}}
[debug] [2024-01-18T20:03:50.459Z] [worker-us-central1-api-737f3656-2d2f-4b22-abcc-44af7e5fc6e3]: BUSY {"metadata":{"emulator":{"name":"functions"},"function":{"name":"us-central1-api"},"extension":{},"message":"[worker-us-central1-api-737f3656-2d2f-4b22-abcc-44af7e5fc6e3]: BUSY"}}
[info] i  functions: Finished "us-central1-api" in 5.359875ms {"metadata":{"emulator":{"name":"functions"},"function":{"name":"us-central1-api"},"extension":{},"message":"Finished \"us-central1-api\" in 5.359875ms"}}
[debug] [2024-01-18T20:03:50.466Z] [worker-us-central1-api-737f3656-2d2f-4b22-abcc-44af7e5fc6e3]: IDLE {"metadata":{"emulator":{"name":"functions"},"function":{"name":"us-central1-api"},"extension":{},"message":"[worker-us-central1-api-737f3656-2d2f-4b22-abcc-44af7e5fc6e3]: IDLE"}}
[debug] [2024-01-18T20:03:50.466Z] [work-queue] {"queuedWork":[],"queueLength":0,"runningWork":[],"workRunningCount":0}
[debug] [2024-01-18T20:03:54.461Z] [work-queue] {"queuedWork":["/tripsitter-coen-174/us-central1/api/test-2024-01-18T20:03:54.461Z"],"queueLength":1,"runningWork":[],"workRunningCount":0}
[debug] [2024-01-18T20:03:54.462Z] [work-queue] {"queuedWork":[],"queueLength":0,"runningWork":["/tripsitter-coen-174/us-central1/api/test-2024-01-18T20:03:54.461Z"],"workRunningCount":1}
[debug] [2024-01-18T20:03:54.462Z] Accepted request GET /tripsitter-coen-174/us-central1/api/test --> us-central1-api
[debug] [2024-01-18T20:03:54.462Z] [functions] Runtime ready! Sending request! {"metadata":{"emulator":{"name":"functions"},"message":"[functions] Runtime ready! Sending request!"}}
[debug] [2024-01-18T20:03:54.463Z] [functions] Got req.url=/tripsitter-coen-174/us-central1/api/test, mapping to path=/test {"metadata":{"emulator":{"name":"functions"},"message":"[functions] Got req.url=/tripsitter-coen-174/us-central1/api/test, mapping to path=/test"}}
[debug] [2024-01-18T20:03:54.463Z] [worker-pool] submitRequest(triggerId=us-central1-api) {"metadata":{"emulator":{"name":"functions"},"message":"[worker-pool] submitRequest(triggerId=us-central1-api)"}}
[info] i  functions: Beginning execution of "us-central1-api" {"metadata":{"emulator":{"name":"functions"},"function":{"name":"us-central1-api"},"extension":{},"message":"Beginning execution of \"us-central1-api\""}}
[debug] [2024-01-18T20:03:54.463Z] [worker-us-central1-api-737f3656-2d2f-4b22-abcc-44af7e5fc6e3]: BUSY {"metadata":{"emulator":{"name":"functions"},"function":{"name":"us-central1-api"},"extension":{},"message":"[worker-us-central1-api-737f3656-2d2f-4b22-abcc-44af7e5fc6e3]: BUSY"}}
[info] i  functions: Finished "us-central1-api" in 4.350375ms {"metadata":{"emulator":{"name":"functions"},"function":{"name":"us-central1-api"},"extension":{},"message":"Finished \"us-central1-api\" in 4.350375ms"}}
[debug] [2024-01-18T20:03:54.468Z] [worker-us-central1-api-737f3656-2d2f-4b22-abcc-44af7e5fc6e3]: IDLE {"metadata":{"emulator":{"name":"functions"},"function":{"name":"us-central1-api"},"extension":{},"message":"[worker-us-central1-api-737f3656-2d2f-4b22-abcc-44af7e5fc6e3]: IDLE"}}
[debug] [2024-01-18T20:03:54.468Z] [work-queue] {"queuedWork":[],"queueLength":0,"runningWork":[],"workRunningCount":0}
[debug] [2024-01-18T20:04:03.603Z] File /Users/jordan/dev/flutter/tripsitter/backend/src/index.ts changed, reloading triggers {"metadata":{"emulator":{"name":"functions"},"message":"File /Users/jordan/dev/flutter/tripsitter/backend/src/index.ts changed, reloading triggers"}}
[debug] [2024-01-18T20:04:04.605Z] Validating nodejs source
[debug] [2024-01-18T20:04:04.997Z] > [functions] package.json contents: {
  "name": "backend",
  "scripts": {
    "build": "tsc",
    "build:watch": "tsc --watch",
    "serve": "npm run build && firebase emulators:start --only functions",
    "shell": "npm run build && firebase functions:shell",
    "start": "npm run shell",
    "deploy": "firebase deploy --only functions",
    "logs": "firebase functions:log"
  },
  "engines": {
    "node": "16"
  },
  "main": "lib/index.js",
  "dependencies": {
    "cors": "^2.8.5",
    "express": "^4.18.2",
    "firebase-admin": "^11.5.0",
    "firebase-functions": "^4.2.0"
  },
  "devDependencies": {
    "firebase-functions-test": "^3.0.0",
    "typescript": "^4.9.0"
  },
  "private": true
}
[debug] [2024-01-18T20:04:04.997Z] Building nodejs source
[debug] [2024-01-18T20:04:04.997Z] Failed to find version of module node: reached end of search path /Users/jordan/dev/flutter/tripsitter/backend/node_modules
[info] ✔  functions: Using node@16 from host. 
[debug] [2024-01-18T20:04:04.998Z] Could not find functions.yaml. Must use http discovery
[debug] [2024-01-18T20:04:04.999Z] Found firebase-functions binary at '/Users/jordan/dev/flutter/tripsitter/backend/node_modules/.bin/firebase-functions'
[debug] [2024-01-18T20:04:05.140Z] Serving at port 8618

[error] ⬢  functions: Failed to load function definition from source: FetchError: request to http://localhost:8618/__/quitquitquit failed, reason: connect ECONNREFUSED 127.0.0.1:8618 {"metadata":{"emulator":{"name":"functions"},"message":"Failed to load function definition from source: FetchError: request to http://localhost:8618/__/quitquitquit failed, reason: connect ECONNREFUSED 127.0.0.1:8618"}}
